2021-05-29 23:20:56 INFO  GuiQuery:782 - Constraints [I@662ec679
2021-05-29 23:20:56 INFO  MainSumgra:43 - Start SuMGra process
2021-05-29 23:20:56 INFO  GraphDatabase:485 - STEP 1
2021-05-29 23:20:56 INFO  GraphDatabase:495 - STEP 2
2021-05-29 23:20:57 INFO  GraphDatabase:606 - relationships count: 129983
2021-05-29 23:20:57 INFO  GraphDatabase:497 - STEP 3
2021-05-29 23:20:58 INFO  MainSumgra:62 - Init backtratking quering
2021-05-29 23:20:58 INFO  GraphDatabase:246 - here in query
2021-05-29 23:20:59 INFO  GuiGraphDB:969 - Embedding fetched batch: 973
2021-05-29 23:20:59 INFO  GuiGraphDB:970 - Embedding fetched in total: 		973
2021-05-29 23:21:00 INFO  GuiGraphDB:1100 -  ------ Init GHOST :) --------
2021-05-29 23:21:23 INFO  GuiGraphDB:1152 -  ------ Terminate GHOST :) --------
2021-05-29 23:21:23 INFO  MainSumgra:45 - Finish SuMGra process
2021-05-29 23:22:05 INFO  GuiQuery:782 - Constraints [I@d869ffc
2021-05-29 23:22:05 INFO  MainSumgra:43 - Start SuMGra process
2021-05-29 23:22:05 INFO  GraphDatabase:485 - STEP 1
2021-05-29 23:22:05 INFO  GraphDatabase:495 - STEP 2
2021-05-29 23:22:05 INFO  GraphDatabase:606 - relationships count: 129983
2021-05-29 23:22:05 INFO  GraphDatabase:497 - STEP 3
2021-05-29 23:22:05 INFO  MainSumgra:62 - Init backtratking quering
2021-05-29 23:22:05 INFO  GraphDatabase:246 - here in query
2021-05-29 23:22:05 INFO  GuiGraphDB:969 - Embedding fetched batch: 973
2021-05-29 23:22:05 INFO  GuiGraphDB:970 - Embedding fetched in total: 		973
2021-05-29 23:22:05 INFO  GuiGraphDB:1100 -  ------ Init GHOST :) --------
2021-05-29 23:22:34 INFO  GuiGraphDB:1152 -  ------ Terminate GHOST :) --------
2021-05-29 23:22:34 INFO  MainSumgra:45 - Finish SuMGra process
2021-05-29 23:23:22 INFO  GuiGraphDB:299 - double click
2021-05-29 23:23:24 INFO  GuiGraphDB:299 - double click
2021-05-29 23:23:24 INFO  GuiGraphDB:299 - double click
2021-05-29 23:23:25 INFO  GuiGraphDB:299 - double click
2021-05-29 23:24:49 INFO  GuiQuery:782 - Constraints [I@6f81502a
2021-05-29 23:24:49 INFO  MainSumgra:43 - Start SuMGra process
2021-05-29 23:24:49 INFO  GraphDatabase:485 - STEP 1
2021-05-29 23:24:49 INFO  GraphDatabase:495 - STEP 2
2021-05-29 23:24:50 INFO  GraphDatabase:606 - relationships count: 129983
2021-05-29 23:24:50 INFO  GraphDatabase:497 - STEP 3
2021-05-29 23:24:51 INFO  MainSumgra:62 - Init backtratking quering
2021-05-29 23:24:51 INFO  GraphDatabase:246 - here in query
2021-05-29 23:24:53 INFO  GuiGraphDB:969 - Embedding fetched batch: 973
2021-05-29 23:24:53 INFO  GuiGraphDB:970 - Embedding fetched in total: 		973
2021-05-29 23:24:53 INFO  GuiGraphDB:1100 -  ------ Init GHOST :) --------
2021-05-29 23:25:13 INFO  GuiGraphDB:1152 -  ------ Terminate GHOST :) --------
2021-05-29 23:25:13 INFO  MainSumgra:45 - Finish SuMGra process
2021-05-29 23:26:14 INFO  GuiGraphDB:592 - count embedding: 3
2021-05-29 23:26:14 INFO  GuiGraphDB:596 - count graph 3
2021-05-29 23:26:14 INFO  GuiGraphDB:592 - count embedding: 3
2021-05-29 23:26:14 INFO  GuiGraphDB:596 - count graph 3
2021-05-29 23:26:14 INFO  GuiGraphDB:592 - count embedding: 3
2021-05-29 23:26:14 INFO  GuiGraphDB:596 - count graph 3
2021-05-29 23:26:14 INFO  GuiGraphDB:592 - count embedding: 3
2021-05-29 23:26:14 INFO  GuiGraphDB:596 - count graph 3
2021-05-29 23:26:14 INFO  GuiGraphDB:592 - count embedding: 3
2021-05-29 23:26:14 INFO  GuiGraphDB:596 - count graph 3
2021-05-29 23:26:14 INFO  GuiGraphDB:592 - count embedding: 3
2021-05-29 23:26:14 INFO  GuiGraphDB:596 - count graph 3
2021-05-29 23:26:14 INFO  GuiGraphDB:592 - count embedding: 3
2021-05-29 23:26:14 INFO  GuiGraphDB:596 - count graph 3
2021-05-29 23:26:14 INFO  GuiGraphDB:592 - count embedding: 3
2021-05-29 23:26:14 INFO  GuiGraphDB:596 - count graph 3
2021-05-29 23:26:14 INFO  GuiGraphDB:592 - count embedding: 3
2021-05-29 23:26:14 INFO  GuiGraphDB:596 - count graph 3
2021-05-29 23:26:14 INFO  GuiGraphDB:592 - count embedding: 3
2021-05-29 23:26:14 INFO  GuiGraphDB:596 - count graph 3
2021-05-29 23:26:14 INFO  GuiGraphDB:592 - count embedding: 3
2021-05-29 23:26:14 INFO  GuiGraphDB:596 - count graph 3
2021-05-29 23:26:14 INFO  GuiGraphDB:592 - count embedding: 3
2021-05-29 23:26:14 INFO  GuiGraphDB:596 - count graph 3
2021-05-29 23:26:14 INFO  GuiGraphDB:592 - count embedding: 3
2021-05-29 23:26:14 INFO  GuiGraphDB:596 - count graph 3
2021-05-29 23:26:14 INFO  GuiGraphDB:592 - count embedding: 3
2021-05-29 23:26:14 INFO  GuiGraphDB:596 - count graph 3
2021-05-29 23:26:14 INFO  GuiGraphDB:592 - count embedding: 3
2021-05-29 23:26:14 INFO  GuiGraphDB:596 - count graph 3
2021-05-29 23:26:14 INFO  GuiGraphDB:592 - count embedding: 3
2021-05-29 23:26:14 INFO  GuiGraphDB:596 - count graph 3
2021-05-29 23:26:14 INFO  GuiGraphDB:592 - count embedding: 3
2021-05-29 23:26:14 INFO  GuiGraphDB:596 - count graph 3
2021-05-29 23:26:14 INFO  GuiGraphDB:592 - count embedding: 3
2021-05-29 23:26:14 INFO  GuiGraphDB:596 - count graph 3
2021-05-29 23:26:14 INFO  GuiGraphDB:592 - count embedding: 3
2021-05-29 23:26:14 INFO  GuiGraphDB:596 - count graph 3
2021-05-29 23:26:14 INFO  GuiGraphDB:592 - count embedding: 3
2021-05-29 23:26:14 INFO  GuiGraphDB:596 - count graph 3
2021-05-29 23:26:14 INFO  GuiGraphDB:592 - count embedding: 3
2021-05-29 23:26:14 INFO  GuiGraphDB:596 - count graph 3
2021-05-29 23:26:14 INFO  GuiGraphDB:592 - count embedding: 3
2021-05-29 23:26:14 INFO  GuiGraphDB:596 - count graph 3
2021-05-29 23:26:14 INFO  GuiGraphDB:592 - count embedding: 3
2021-05-29 23:26:14 INFO  GuiGraphDB:596 - count graph 3
2021-05-29 23:26:14 INFO  GuiGraphDB:592 - count embedding: 3
2021-05-29 23:26:14 INFO  GuiGraphDB:596 - count graph 3
2021-05-29 23:26:14 INFO  GuiGraphDB:592 - count embedding: 3
2021-05-29 23:26:14 INFO  GuiGraphDB:596 - count graph 3
2021-05-29 23:26:14 INFO  GuiGraphDB:592 - count embedding: 3
2021-05-29 23:26:14 INFO  GuiGraphDB:596 - count graph 3
2021-05-29 23:26:14 INFO  GuiGraphDB:592 - count embedding: 3
2021-05-29 23:26:14 INFO  GuiGraphDB:596 - count graph 3
2021-05-29 23:26:14 INFO  GuiGraphDB:592 - count embedding: 3
2021-05-29 23:26:14 INFO  GuiGraphDB:596 - count graph 3
2021-05-29 23:26:14 INFO  GuiGraphDB:592 - count embedding: 3
2021-05-29 23:26:14 INFO  GuiGraphDB:596 - count graph 3
2021-05-29 23:26:14 INFO  GuiGraphDB:592 - count embedding: 3
2021-05-29 23:26:14 INFO  GuiGraphDB:596 - count graph 3
2021-05-29 23:26:14 INFO  GuiGraphDB:592 - count embedding: 3
2021-05-29 23:26:14 INFO  GuiGraphDB:596 - count graph 3
2021-05-29 23:26:14 INFO  GuiGraphDB:592 - count embedding: 3
2021-05-29 23:26:14 INFO  GuiGraphDB:596 - count graph 3
2021-05-29 23:26:14 INFO  GuiGraphDB:592 - count embedding: 3
2021-05-29 23:26:14 INFO  GuiGraphDB:596 - count graph 3
2021-05-29 23:26:14 INFO  GuiGraphDB:592 - count embedding: 3
2021-05-29 23:26:14 INFO  GuiGraphDB:596 - count graph 3
2021-05-29 23:26:14 INFO  GuiGraphDB:592 - count embedding: 3
2021-05-29 23:26:14 INFO  GuiGraphDB:596 - count graph 3
2021-05-29 23:26:14 INFO  GuiGraphDB:592 - count embedding: 3
2021-05-29 23:26:14 INFO  GuiGraphDB:596 - count graph 3
2021-05-29 23:26:14 INFO  GuiGraphDB:592 - count embedding: 3
2021-05-29 23:26:14 INFO  GuiGraphDB:596 - count graph 3
2021-05-29 23:26:14 INFO  GuiGraphDB:592 - count embedding: 3
2021-05-29 23:26:14 INFO  GuiGraphDB:596 - count graph 3
2021-05-29 23:26:14 INFO  GuiGraphDB:592 - count embedding: 3
2021-05-29 23:26:14 INFO  GuiGraphDB:596 - count graph 3
2021-05-29 23:26:14 INFO  GuiGraphDB:592 - count embedding: 3
2021-05-29 23:26:14 INFO  GuiGraphDB:596 - count graph 3
2021-05-29 23:26:14 INFO  GuiGraphDB:592 - count embedding: 3
2021-05-29 23:26:14 INFO  GuiGraphDB:596 - count graph 3
2021-05-29 23:26:14 INFO  GuiGraphDB:592 - count embedding: 3
2021-05-29 23:26:14 INFO  GuiGraphDB:596 - count graph 3
2021-05-29 23:26:14 INFO  GuiGraphDB:592 - count embedding: 3
2021-05-29 23:26:14 INFO  GuiGraphDB:596 - count graph 3
2021-05-29 23:26:14 INFO  GuiGraphDB:592 - count embedding: 3
2021-05-29 23:26:14 INFO  GuiGraphDB:596 - count graph 3
2021-05-29 23:26:14 INFO  GuiGraphDB:592 - count embedding: 3
2021-05-29 23:26:14 INFO  GuiGraphDB:596 - count graph 3
2021-05-29 23:26:14 INFO  GuiGraphDB:592 - count embedding: 3
2021-05-29 23:26:14 INFO  GuiGraphDB:596 - count graph 3
2021-05-29 23:26:14 INFO  GuiGraphDB:592 - count embedding: 3
2021-05-29 23:26:14 INFO  GuiGraphDB:596 - count graph 3
2021-05-29 23:26:14 INFO  GuiGraphDB:592 - count embedding: 3
2021-05-29 23:26:14 INFO  GuiGraphDB:596 - count graph 3
2021-05-29 23:26:14 INFO  GuiGraphDB:592 - count embedding: 3
2021-05-29 23:26:14 INFO  GuiGraphDB:596 - count graph 3
2021-05-29 23:26:14 INFO  GuiGraphDB:592 - count embedding: 3
2021-05-29 23:26:14 INFO  GuiGraphDB:596 - count graph 3
2021-05-29 23:26:14 INFO  GuiGraphDB:592 - count embedding: 3
2021-05-29 23:26:14 INFO  GuiGraphDB:596 - count graph 3
2021-05-29 23:26:14 INFO  GuiGraphDB:592 - count embedding: 3
2021-05-29 23:26:14 INFO  GuiGraphDB:596 - count graph 3
2021-05-29 23:26:14 INFO  GuiGraphDB:592 - count embedding: 3
2021-05-29 23:26:14 INFO  GuiGraphDB:596 - count graph 3
2021-05-29 23:26:14 INFO  GuiGraphDB:592 - count embedding: 3
2021-05-29 23:26:14 INFO  GuiGraphDB:596 - count graph 3
2021-05-29 23:26:14 INFO  GuiGraphDB:592 - count embedding: 3
2021-05-29 23:26:14 INFO  GuiGraphDB:596 - count graph 3
2021-05-29 23:26:14 INFO  GuiGraphDB:592 - count embedding: 3
2021-05-29 23:26:14 INFO  GuiGraphDB:596 - count graph 3
2021-05-29 23:26:14 INFO  GuiGraphDB:592 - count embedding: 3
2021-05-29 23:26:14 INFO  GuiGraphDB:596 - count graph 3
2021-05-29 23:26:14 INFO  GuiGraphDB:592 - count embedding: 3
2021-05-29 23:26:14 INFO  GuiGraphDB:596 - count graph 3
2021-05-29 23:26:14 INFO  GuiGraphDB:592 - count embedding: 3
2021-05-29 23:26:14 INFO  GuiGraphDB:596 - count graph 3
2021-05-29 23:26:14 INFO  GuiGraphDB:592 - count embedding: 3
2021-05-29 23:26:14 INFO  GuiGraphDB:596 - count graph 3
2021-05-29 23:26:14 INFO  GuiGraphDB:592 - count embedding: 3
2021-05-29 23:26:14 INFO  GuiGraphDB:596 - count graph 3
2021-05-29 23:26:14 INFO  GuiGraphDB:592 - count embedding: 3
2021-05-29 23:26:14 INFO  GuiGraphDB:596 - count graph 3
2021-05-29 23:26:14 INFO  GuiGraphDB:592 - count embedding: 3
2021-05-29 23:26:14 INFO  GuiGraphDB:596 - count graph 3
2021-05-29 23:26:14 INFO  GuiGraphDB:592 - count embedding: 3
2021-05-29 23:26:14 INFO  GuiGraphDB:596 - count graph 3
2021-05-29 23:26:14 INFO  GuiGraphDB:592 - count embedding: 3
2021-05-29 23:26:14 INFO  GuiGraphDB:596 - count graph 3
2021-05-29 23:26:14 INFO  GuiGraphDB:592 - count embedding: 3
2021-05-29 23:26:14 INFO  GuiGraphDB:596 - count graph 3
2021-05-29 23:26:14 INFO  GuiGraphDB:592 - count embedding: 3
2021-05-29 23:26:14 INFO  GuiGraphDB:596 - count graph 3
2021-05-29 23:26:14 INFO  GuiGraphDB:592 - count embedding: 3
2021-05-29 23:26:14 INFO  GuiGraphDB:596 - count graph 3
2021-05-29 23:26:14 INFO  GuiGraphDB:592 - count embedding: 3
2021-05-29 23:26:14 INFO  GuiGraphDB:596 - count graph 3
2021-05-29 23:26:14 INFO  GuiGraphDB:592 - count embedding: 3
2021-05-29 23:26:14 INFO  GuiGraphDB:596 - count graph 3
2021-05-29 23:26:14 INFO  GuiGraphDB:592 - count embedding: 3
2021-05-29 23:26:14 INFO  GuiGraphDB:596 - count graph 3
2021-05-29 23:26:14 INFO  GuiGraphDB:592 - count embedding: 3
2021-05-29 23:26:14 INFO  GuiGraphDB:596 - count graph 3
2021-05-29 23:26:14 INFO  GuiGraphDB:592 - count embedding: 3
2021-05-29 23:26:14 INFO  GuiGraphDB:596 - count graph 3
2021-05-29 23:26:14 INFO  GuiGraphDB:592 - count embedding: 3
2021-05-29 23:26:14 INFO  GuiGraphDB:596 - count graph 3
2021-05-29 23:26:14 INFO  GuiGraphDB:592 - count embedding: 3
2021-05-29 23:26:14 INFO  GuiGraphDB:596 - count graph 3
2021-05-29 23:26:14 INFO  GuiGraphDB:592 - count embedding: 3
2021-05-29 23:26:14 INFO  GuiGraphDB:596 - count graph 3
2021-05-29 23:26:14 INFO  GuiGraphDB:592 - count embedding: 3
2021-05-29 23:26:14 INFO  GuiGraphDB:596 - count graph 3
2021-05-29 23:26:14 INFO  GuiGraphDB:592 - count embedding: 3
2021-05-29 23:26:14 INFO  GuiGraphDB:596 - count graph 3
2021-05-29 23:26:14 INFO  GuiGraphDB:592 - count embedding: 3
2021-05-29 23:26:14 INFO  GuiGraphDB:596 - count graph 3
2021-05-29 23:26:14 INFO  GuiGraphDB:592 - count embedding: 3
2021-05-29 23:26:14 INFO  GuiGraphDB:596 - count graph 3
2021-05-29 23:26:14 INFO  GuiGraphDB:592 - count embedding: 3
2021-05-29 23:26:14 INFO  GuiGraphDB:596 - count graph 3
2021-05-29 23:26:14 INFO  GuiGraphDB:592 - count embedding: 3
2021-05-29 23:26:14 INFO  GuiGraphDB:596 - count graph 3
2021-05-29 23:26:14 INFO  GuiGraphDB:592 - count embedding: 3
2021-05-29 23:26:14 INFO  GuiGraphDB:596 - count graph 3
2021-05-29 23:26:14 INFO  GuiGraphDB:592 - count embedding: 3
2021-05-29 23:26:14 INFO  GuiGraphDB:596 - count graph 3
2021-05-29 23:26:14 INFO  GuiGraphDB:592 - count embedding: 3
2021-05-29 23:26:14 INFO  GuiGraphDB:596 - count graph 3
2021-05-29 23:26:14 INFO  GuiGraphDB:592 - count embedding: 3
2021-05-29 23:26:14 INFO  GuiGraphDB:596 - count graph 3
2021-05-29 23:26:14 INFO  GuiGraphDB:592 - count embedding: 3
2021-05-29 23:26:14 INFO  GuiGraphDB:596 - count graph 3
2021-05-29 23:26:14 INFO  GuiGraphDB:592 - count embedding: 3
2021-05-29 23:26:14 INFO  GuiGraphDB:596 - count graph 3
2021-05-29 23:26:14 INFO  GuiGraphDB:592 - count embedding: 3
2021-05-29 23:26:14 INFO  GuiGraphDB:596 - count graph 3
2021-05-29 23:26:14 INFO  GuiGraphDB:592 - count embedding: 3
2021-05-29 23:26:14 INFO  GuiGraphDB:596 - count graph 3
2021-05-29 23:26:14 INFO  GuiGraphDB:592 - count embedding: 3
2021-05-29 23:26:14 INFO  GuiGraphDB:596 - count graph 3
2021-05-29 23:26:14 INFO  GuiGraphDB:592 - count embedding: 3
2021-05-29 23:26:14 INFO  GuiGraphDB:596 - count graph 3
2021-05-29 23:26:14 INFO  GuiGraphDB:592 - count embedding: 3
2021-05-29 23:26:14 INFO  GuiGraphDB:596 - count graph 3
2021-05-29 23:26:14 INFO  GuiGraphDB:592 - count embedding: 3
2021-05-29 23:26:14 INFO  GuiGraphDB:596 - count graph 3
2021-05-29 23:26:14 INFO  GuiGraphDB:592 - count embedding: 3
2021-05-29 23:26:14 INFO  GuiGraphDB:596 - count graph 3
2021-05-29 23:26:14 INFO  GuiGraphDB:592 - count embedding: 3
2021-05-29 23:26:14 INFO  GuiGraphDB:596 - count graph 3
2021-05-29 23:26:14 INFO  GuiGraphDB:592 - count embedding: 3
2021-05-29 23:26:14 INFO  GuiGraphDB:596 - count graph 3
2021-05-29 23:26:14 INFO  GuiGraphDB:592 - count embedding: 3
2021-05-29 23:26:14 INFO  GuiGraphDB:596 - count graph 3
2021-05-29 23:26:14 INFO  GuiGraphDB:592 - count embedding: 3
2021-05-29 23:26:14 INFO  GuiGraphDB:596 - count graph 3
2021-05-29 23:26:14 INFO  GuiGraphDB:592 - count embedding: 3
2021-05-29 23:26:14 INFO  GuiGraphDB:596 - count graph 3
2021-05-29 23:26:14 INFO  GuiGraphDB:592 - count embedding: 3
2021-05-29 23:26:14 INFO  GuiGraphDB:596 - count graph 3
2021-05-29 23:26:14 INFO  GuiGraphDB:592 - count embedding: 3
2021-05-29 23:26:14 INFO  GuiGraphDB:596 - count graph 3
2021-05-29 23:26:14 INFO  GuiGraphDB:592 - count embedding: 3
2021-05-29 23:26:14 INFO  GuiGraphDB:596 - count graph 3
2021-05-29 23:26:14 INFO  GuiGraphDB:592 - count embedding: 3
2021-05-29 23:26:14 INFO  GuiGraphDB:596 - count graph 3
2021-05-29 23:26:14 INFO  GuiGraphDB:592 - count embedding: 3
2021-05-29 23:26:14 INFO  GuiGraphDB:596 - count graph 3
2021-05-29 23:26:14 INFO  GuiGraphDB:592 - count embedding: 3
2021-05-29 23:26:14 INFO  GuiGraphDB:596 - count graph 3
2021-05-29 23:26:14 INFO  GuiGraphDB:592 - count embedding: 3
2021-05-29 23:26:14 INFO  GuiGraphDB:596 - count graph 3
2021-05-29 23:26:14 INFO  GuiGraphDB:592 - count embedding: 3
2021-05-29 23:26:14 INFO  GuiGraphDB:596 - count graph 3
2021-05-29 23:26:14 INFO  GuiGraphDB:592 - count embedding: 3
2021-05-29 23:26:14 INFO  GuiGraphDB:596 - count graph 3
2021-05-29 23:26:14 INFO  GuiGraphDB:592 - count embedding: 3
2021-05-29 23:26:14 INFO  GuiGraphDB:596 - count graph 3
2021-05-29 23:26:14 INFO  GuiGraphDB:592 - count embedding: 3
2021-05-29 23:26:14 INFO  GuiGraphDB:596 - count graph 3
2021-05-29 23:26:14 INFO  GuiGraphDB:592 - count embedding: 3
2021-05-29 23:26:14 INFO  GuiGraphDB:596 - count graph 3
2021-05-29 23:26:14 INFO  GuiGraphDB:592 - count embedding: 3
2021-05-29 23:26:14 INFO  GuiGraphDB:596 - count graph 3
2021-05-29 23:26:14 INFO  GuiGraphDB:592 - count embedding: 3
2021-05-29 23:26:14 INFO  GuiGraphDB:596 - count graph 3
2021-05-29 23:26:14 INFO  GuiGraphDB:592 - count embedding: 3
2021-05-29 23:26:14 INFO  GuiGraphDB:596 - count graph 3
2021-05-29 23:26:14 INFO  GuiGraphDB:592 - count embedding: 3
2021-05-29 23:26:14 INFO  GuiGraphDB:596 - count graph 3
2021-05-29 23:26:14 INFO  GuiGraphDB:592 - count embedding: 3
2021-05-29 23:26:14 INFO  GuiGraphDB:596 - count graph 3
2021-05-29 23:26:14 INFO  GuiGraphDB:592 - count embedding: 3
2021-05-29 23:26:14 INFO  GuiGraphDB:596 - count graph 3
2021-05-29 23:26:14 INFO  GuiGraphDB:592 - count embedding: 3
2021-05-29 23:26:14 INFO  GuiGraphDB:596 - count graph 3
2021-05-29 23:26:14 INFO  GuiGraphDB:592 - count embedding: 3
2021-05-29 23:26:14 INFO  GuiGraphDB:596 - count graph 3
2021-05-29 23:26:14 INFO  GuiGraphDB:592 - count embedding: 3
2021-05-29 23:26:14 INFO  GuiGraphDB:596 - count graph 3
2021-05-29 23:26:14 INFO  GuiGraphDB:592 - count embedding: 3
2021-05-29 23:26:14 INFO  GuiGraphDB:596 - count graph 3
2021-05-29 23:26:14 INFO  GuiGraphDB:592 - count embedding: 3
2021-05-29 23:26:14 INFO  GuiGraphDB:596 - count graph 3
2021-05-29 23:26:14 INFO  GuiGraphDB:592 - count embedding: 3
2021-05-29 23:26:14 INFO  GuiGraphDB:596 - count graph 3
2021-05-29 23:26:14 INFO  GuiGraphDB:592 - count embedding: 3
2021-05-29 23:26:14 INFO  GuiGraphDB:596 - count graph 3
2021-05-29 23:26:14 INFO  GuiGraphDB:592 - count embedding: 3
2021-05-29 23:26:14 INFO  GuiGraphDB:596 - count graph 3
2021-05-29 23:26:14 INFO  GuiGraphDB:592 - count embedding: 3
2021-05-29 23:26:14 INFO  GuiGraphDB:596 - count graph 3
2021-05-29 23:26:14 INFO  GuiGraphDB:592 - count embedding: 3
2021-05-29 23:26:14 INFO  GuiGraphDB:596 - count graph 3
2021-05-29 23:26:14 INFO  GuiGraphDB:592 - count embedding: 3
2021-05-29 23:26:14 INFO  GuiGraphDB:596 - count graph 3
2021-05-29 23:26:14 INFO  GuiGraphDB:592 - count embedding: 3
2021-05-29 23:26:14 INFO  GuiGraphDB:596 - count graph 3
2021-05-29 23:26:14 INFO  GuiGraphDB:592 - count embedding: 3
2021-05-29 23:26:14 INFO  GuiGraphDB:596 - count graph 3
2021-05-29 23:26:14 INFO  GuiGraphDB:592 - count embedding: 3
2021-05-29 23:26:14 INFO  GuiGraphDB:596 - count graph 3
2021-05-29 23:26:14 INFO  GuiGraphDB:592 - count embedding: 3
2021-05-29 23:26:14 INFO  GuiGraphDB:596 - count graph 3
2021-05-29 23:26:14 INFO  GuiGraphDB:592 - count embedding: 3
2021-05-29 23:26:14 INFO  GuiGraphDB:596 - count graph 3
2021-05-29 23:26:14 INFO  GuiGraphDB:592 - count embedding: 3
2021-05-29 23:26:14 INFO  GuiGraphDB:596 - count graph 3
2021-05-29 23:26:14 INFO  GuiGraphDB:592 - count embedding: 3
2021-05-29 23:26:14 INFO  GuiGraphDB:596 - count graph 3
2021-05-29 23:26:14 INFO  GuiGraphDB:592 - count embedding: 3
2021-05-29 23:26:14 INFO  GuiGraphDB:596 - count graph 3
2021-05-29 23:26:14 INFO  GuiGraphDB:592 - count embedding: 3
2021-05-29 23:26:14 INFO  GuiGraphDB:596 - count graph 3
2021-05-29 23:26:14 INFO  GuiGraphDB:592 - count embedding: 3
2021-05-29 23:26:14 INFO  GuiGraphDB:596 - count graph 3
2021-05-29 23:26:14 INFO  GuiGraphDB:592 - count embedding: 3
2021-05-29 23:26:14 INFO  GuiGraphDB:596 - count graph 3
2021-05-29 23:26:14 INFO  GuiGraphDB:592 - count embedding: 3
2021-05-29 23:26:14 INFO  GuiGraphDB:596 - count graph 3
2021-05-29 23:26:14 INFO  GuiGraphDB:592 - count embedding: 3
2021-05-29 23:26:14 INFO  GuiGraphDB:596 - count graph 3
2021-05-29 23:26:14 INFO  GuiGraphDB:592 - count embedding: 3
2021-05-29 23:26:14 INFO  GuiGraphDB:596 - count graph 3
2021-05-29 23:26:14 INFO  GuiGraphDB:592 - count embedding: 3
2021-05-29 23:26:14 INFO  GuiGraphDB:596 - count graph 3
2021-05-29 23:26:14 INFO  GuiGraphDB:592 - count embedding: 3
2021-05-29 23:26:14 INFO  GuiGraphDB:596 - count graph 3
2021-05-29 23:26:14 INFO  GuiGraphDB:592 - count embedding: 3
2021-05-29 23:26:14 INFO  GuiGraphDB:596 - count graph 3
2021-05-29 23:26:14 INFO  GuiGraphDB:592 - count embedding: 3
2021-05-29 23:26:14 INFO  GuiGraphDB:596 - count graph 3
2021-05-29 23:26:14 INFO  GuiGraphDB:592 - count embedding: 3
2021-05-29 23:26:14 INFO  GuiGraphDB:596 - count graph 3
2021-05-29 23:26:14 INFO  GuiGraphDB:592 - count embedding: 3
2021-05-29 23:26:14 INFO  GuiGraphDB:596 - count graph 3
2021-05-29 23:26:14 INFO  GuiGraphDB:592 - count embedding: 3
2021-05-29 23:26:14 INFO  GuiGraphDB:596 - count graph 3
2021-05-29 23:26:14 INFO  GuiGraphDB:592 - count embedding: 3
2021-05-29 23:26:14 INFO  GuiGraphDB:596 - count graph 3
2021-05-29 23:26:14 INFO  GuiGraphDB:592 - count embedding: 3
2021-05-29 23:26:14 INFO  GuiGraphDB:596 - count graph 3
2021-05-29 23:26:14 INFO  GuiGraphDB:592 - count embedding: 3
2021-05-29 23:26:14 INFO  GuiGraphDB:596 - count graph 3
2021-05-29 23:26:14 INFO  GuiGraphDB:592 - count embedding: 3
2021-05-29 23:26:14 INFO  GuiGraphDB:596 - count graph 3
2021-05-29 23:26:14 INFO  GuiGraphDB:592 - count embedding: 3
2021-05-29 23:26:14 INFO  GuiGraphDB:596 - count graph 3
2021-05-29 23:26:14 INFO  GuiGraphDB:592 - count embedding: 3
2021-05-29 23:26:14 INFO  GuiGraphDB:596 - count graph 3
2021-05-29 23:26:14 INFO  GuiGraphDB:592 - count embedding: 3
2021-05-29 23:26:14 INFO  GuiGraphDB:596 - count graph 3
2021-05-29 23:26:14 INFO  GuiGraphDB:592 - count embedding: 3
2021-05-29 23:26:14 INFO  GuiGraphDB:596 - count graph 3
2021-05-29 23:26:14 INFO  GuiGraphDB:592 - count embedding: 3
2021-05-29 23:26:14 INFO  GuiGraphDB:596 - count graph 3
2021-05-29 23:26:14 INFO  GuiGraphDB:592 - count embedding: 3
2021-05-29 23:26:14 INFO  GuiGraphDB:596 - count graph 3
2021-05-29 23:26:14 INFO  GuiGraphDB:592 - count embedding: 3
2021-05-29 23:26:14 INFO  GuiGraphDB:596 - count graph 3
2021-05-29 23:26:14 INFO  GuiGraphDB:592 - count embedding: 3
2021-05-29 23:26:14 INFO  GuiGraphDB:596 - count graph 3
2021-05-29 23:26:14 INFO  GuiGraphDB:592 - count embedding: 3
2021-05-29 23:26:14 INFO  GuiGraphDB:596 - count graph 3
2021-05-29 23:26:14 INFO  GuiGraphDB:592 - count embedding: 3
2021-05-29 23:26:14 INFO  GuiGraphDB:596 - count graph 3
2021-05-29 23:26:14 INFO  GuiGraphDB:592 - count embedding: 3
2021-05-29 23:26:14 INFO  GuiGraphDB:596 - count graph 3
2021-05-29 23:26:14 INFO  GuiGraphDB:592 - count embedding: 3
2021-05-29 23:26:14 INFO  GuiGraphDB:596 - count graph 3
2021-05-29 23:26:14 INFO  GuiGraphDB:592 - count embedding: 3
2021-05-29 23:26:14 INFO  GuiGraphDB:596 - count graph 3
2021-05-29 23:26:14 INFO  GuiGraphDB:592 - count embedding: 3
2021-05-29 23:26:14 INFO  GuiGraphDB:596 - count graph 3
2021-05-29 23:33:54 INFO  GuiQuery:782 - Constraints [I@2bdc2fc2
2021-05-29 23:33:54 INFO  MainSumgra:43 - Start SuMGra process
2021-05-29 23:33:54 INFO  GraphDatabase:485 - STEP 1
2021-05-29 23:33:54 INFO  GraphDatabase:495 - STEP 2
2021-05-29 23:33:55 INFO  GraphDatabase:606 - relationships count: 129983
2021-05-29 23:33:55 INFO  GraphDatabase:497 - STEP 3
2021-05-29 23:33:56 INFO  MainSumgra:62 - Init backtratking quering
2021-05-29 23:33:56 INFO  GraphDatabase:246 - here in query
2021-05-29 23:33:58 INFO  GuiGraphDB:969 - Embedding fetched batch: 973
2021-05-29 23:33:58 INFO  GuiGraphDB:970 - Embedding fetched in total: 		973
2021-05-29 23:33:58 INFO  GuiGraphDB:1100 -  ------ Init GHOST :) --------
2021-05-29 23:34:13 INFO  GuiGraphDB:592 - count embedding: 3
2021-05-29 23:34:13 INFO  GuiGraphDB:596 - count graph 3
2021-05-29 23:34:13 INFO  GuiGraphDB:592 - count embedding: 3
2021-05-29 23:34:13 INFO  GuiGraphDB:596 - count graph 3
2021-05-29 23:34:13 INFO  GuiGraphDB:592 - count embedding: 3
2021-05-29 23:34:13 INFO  GuiGraphDB:596 - count graph 3
2021-05-29 23:34:13 INFO  GuiGraphDB:592 - count embedding: 3
2021-05-29 23:34:13 INFO  GuiGraphDB:596 - count graph 3
2021-05-29 23:34:13 INFO  GuiGraphDB:592 - count embedding: 3
2021-05-29 23:34:13 INFO  GuiGraphDB:596 - count graph 3
2021-05-29 23:34:13 INFO  GuiGraphDB:592 - count embedding: 3
2021-05-29 23:34:13 INFO  GuiGraphDB:596 - count graph 3
2021-05-29 23:34:13 INFO  GuiGraphDB:592 - count embedding: 3
2021-05-29 23:34:13 INFO  GuiGraphDB:596 - count graph 3
2021-05-29 23:34:13 INFO  GuiGraphDB:592 - count embedding: 3
2021-05-29 23:34:13 INFO  GuiGraphDB:596 - count graph 3
2021-05-29 23:34:13 INFO  GuiGraphDB:592 - count embedding: 3
2021-05-29 23:34:13 INFO  GuiGraphDB:596 - count graph 3
2021-05-29 23:34:13 INFO  GuiGraphDB:592 - count embedding: 3
2021-05-29 23:34:13 INFO  GuiGraphDB:596 - count graph 3
2021-05-29 23:34:13 INFO  GuiGraphDB:592 - count embedding: 3
2021-05-29 23:34:13 INFO  GuiGraphDB:596 - count graph 3
2021-05-29 23:34:13 INFO  GuiGraphDB:592 - count embedding: 3
2021-05-29 23:34:13 INFO  GuiGraphDB:596 - count graph 3
2021-05-29 23:34:13 INFO  GuiGraphDB:592 - count embedding: 3
2021-05-29 23:34:13 INFO  GuiGraphDB:596 - count graph 3
2021-05-29 23:34:13 INFO  GuiGraphDB:592 - count embedding: 3
2021-05-29 23:34:13 INFO  GuiGraphDB:596 - count graph 3
2021-05-29 23:34:13 INFO  GuiGraphDB:592 - count embedding: 3
2021-05-29 23:34:13 INFO  GuiGraphDB:596 - count graph 3
2021-05-29 23:34:13 INFO  GuiGraphDB:592 - count embedding: 3
2021-05-29 23:34:13 INFO  GuiGraphDB:596 - count graph 3
2021-05-29 23:34:13 INFO  GuiGraphDB:592 - count embedding: 3
2021-05-29 23:34:13 INFO  GuiGraphDB:596 - count graph 3
2021-05-29 23:34:13 INFO  GuiGraphDB:592 - count embedding: 3
2021-05-29 23:34:13 INFO  GuiGraphDB:596 - count graph 3
2021-05-29 23:34:13 INFO  GuiGraphDB:592 - count embedding: 3
2021-05-29 23:34:13 INFO  GuiGraphDB:596 - count graph 3
2021-05-29 23:34:13 INFO  GuiGraphDB:592 - count embedding: 3
2021-05-29 23:34:13 INFO  GuiGraphDB:596 - count graph 3
2021-05-29 23:34:13 INFO  GuiGraphDB:592 - count embedding: 3
2021-05-29 23:34:13 INFO  GuiGraphDB:596 - count graph 3
2021-05-29 23:34:13 INFO  GuiGraphDB:592 - count embedding: 3
2021-05-29 23:34:13 INFO  GuiGraphDB:596 - count graph 3
2021-05-29 23:34:13 INFO  GuiGraphDB:592 - count embedding: 3
2021-05-29 23:34:13 INFO  GuiGraphDB:596 - count graph 3
2021-05-29 23:34:13 INFO  GuiGraphDB:592 - count embedding: 3
2021-05-29 23:34:13 INFO  GuiGraphDB:596 - count graph 3
2021-05-29 23:34:13 INFO  GuiGraphDB:592 - count embedding: 3
2021-05-29 23:34:13 INFO  GuiGraphDB:596 - count graph 3
2021-05-29 23:34:13 INFO  GuiGraphDB:592 - count embedding: 3
2021-05-29 23:34:13 INFO  GuiGraphDB:596 - count graph 3
2021-05-29 23:34:13 INFO  GuiGraphDB:592 - count embedding: 3
2021-05-29 23:34:13 INFO  GuiGraphDB:596 - count graph 3
2021-05-29 23:34:13 INFO  GuiGraphDB:592 - count embedding: 3
2021-05-29 23:34:13 INFO  GuiGraphDB:596 - count graph 3
2021-05-29 23:34:13 INFO  GuiGraphDB:592 - count embedding: 3
2021-05-29 23:34:13 INFO  GuiGraphDB:596 - count graph 3
2021-05-29 23:34:13 INFO  GuiGraphDB:592 - count embedding: 3
2021-05-29 23:34:13 INFO  GuiGraphDB:596 - count graph 3
2021-05-29 23:34:13 INFO  GuiGraphDB:592 - count embedding: 3
2021-05-29 23:34:13 INFO  GuiGraphDB:596 - count graph 3
2021-05-29 23:34:13 INFO  GuiGraphDB:592 - count embedding: 3
2021-05-29 23:34:13 INFO  GuiGraphDB:596 - count graph 3
2021-05-29 23:34:13 INFO  GuiGraphDB:592 - count embedding: 3
2021-05-29 23:34:13 INFO  GuiGraphDB:596 - count graph 3
2021-05-29 23:34:13 INFO  GuiGraphDB:592 - count embedding: 3
2021-05-29 23:34:13 INFO  GuiGraphDB:596 - count graph 3
2021-05-29 23:34:13 INFO  GuiGraphDB:592 - count embedding: 3
2021-05-29 23:34:13 INFO  GuiGraphDB:596 - count graph 3
2021-05-29 23:34:13 INFO  GuiGraphDB:592 - count embedding: 3
2021-05-29 23:34:13 INFO  GuiGraphDB:596 - count graph 3
2021-05-29 23:34:13 INFO  GuiGraphDB:592 - count embedding: 3
2021-05-29 23:34:13 INFO  GuiGraphDB:596 - count graph 3
2021-05-29 23:34:13 INFO  GuiGraphDB:592 - count embedding: 3
2021-05-29 23:34:13 INFO  GuiGraphDB:596 - count graph 3
2021-05-29 23:34:13 INFO  GuiGraphDB:592 - count embedding: 3
2021-05-29 23:34:13 INFO  GuiGraphDB:596 - count graph 3
2021-05-29 23:34:13 INFO  GuiGraphDB:592 - count embedding: 3
2021-05-29 23:34:13 INFO  GuiGraphDB:596 - count graph 3
2021-05-29 23:34:13 INFO  GuiGraphDB:592 - count embedding: 3
2021-05-29 23:34:13 INFO  GuiGraphDB:596 - count graph 3
2021-05-29 23:34:13 INFO  GuiGraphDB:592 - count embedding: 3
2021-05-29 23:34:13 INFO  GuiGraphDB:596 - count graph 3
2021-05-29 23:34:13 INFO  GuiGraphDB:592 - count embedding: 3
2021-05-29 23:34:13 INFO  GuiGraphDB:596 - count graph 3
2021-05-29 23:34:13 INFO  GuiGraphDB:592 - count embedding: 3
2021-05-29 23:34:13 INFO  GuiGraphDB:596 - count graph 3
2021-05-29 23:34:13 INFO  GuiGraphDB:592 - count embedding: 3
2021-05-29 23:34:13 INFO  GuiGraphDB:596 - count graph 3
2021-05-29 23:34:13 INFO  GuiGraphDB:592 - count embedding: 3
2021-05-29 23:34:13 INFO  GuiGraphDB:596 - count graph 3
2021-05-29 23:34:13 INFO  GuiGraphDB:592 - count embedding: 3
2021-05-29 23:34:13 INFO  GuiGraphDB:596 - count graph 3
2021-05-29 23:34:13 INFO  GuiGraphDB:592 - count embedding: 3
2021-05-29 23:34:13 INFO  GuiGraphDB:596 - count graph 3
2021-05-29 23:34:13 INFO  GuiGraphDB:592 - count embedding: 3
2021-05-29 23:34:13 INFO  GuiGraphDB:596 - count graph 3
2021-05-29 23:34:13 INFO  GuiGraphDB:592 - count embedding: 3
2021-05-29 23:34:13 INFO  GuiGraphDB:596 - count graph 3
2021-05-29 23:34:13 INFO  GuiGraphDB:592 - count embedding: 3
2021-05-29 23:34:13 INFO  GuiGraphDB:596 - count graph 3
2021-05-29 23:34:13 INFO  GuiGraphDB:592 - count embedding: 3
2021-05-29 23:34:13 INFO  GuiGraphDB:596 - count graph 3
2021-05-29 23:34:13 INFO  GuiGraphDB:592 - count embedding: 3
2021-05-29 23:34:13 INFO  GuiGraphDB:596 - count graph 3
2021-05-29 23:34:13 INFO  GuiGraphDB:592 - count embedding: 3
2021-05-29 23:34:13 INFO  GuiGraphDB:596 - count graph 3
2021-05-29 23:34:13 INFO  GuiGraphDB:592 - count embedding: 3
2021-05-29 23:34:13 INFO  GuiGraphDB:596 - count graph 3
2021-05-29 23:34:13 INFO  GuiGraphDB:592 - count embedding: 3
2021-05-29 23:34:13 INFO  GuiGraphDB:596 - count graph 3
2021-05-29 23:34:13 INFO  GuiGraphDB:592 - count embedding: 3
2021-05-29 23:34:13 INFO  GuiGraphDB:596 - count graph 3
2021-05-29 23:34:13 INFO  GuiGraphDB:592 - count embedding: 3
2021-05-29 23:34:13 INFO  GuiGraphDB:596 - count graph 3
2021-05-29 23:34:13 INFO  GuiGraphDB:592 - count embedding: 3
2021-05-29 23:34:13 INFO  GuiGraphDB:596 - count graph 3
2021-05-29 23:34:13 INFO  GuiGraphDB:592 - count embedding: 3
2021-05-29 23:34:13 INFO  GuiGraphDB:596 - count graph 3
2021-05-29 23:34:13 INFO  GuiGraphDB:592 - count embedding: 3
2021-05-29 23:34:13 INFO  GuiGraphDB:596 - count graph 3
2021-05-29 23:34:13 INFO  GuiGraphDB:592 - count embedding: 3
2021-05-29 23:34:13 INFO  GuiGraphDB:596 - count graph 3
2021-05-29 23:34:13 INFO  GuiGraphDB:592 - count embedding: 3
2021-05-29 23:34:13 INFO  GuiGraphDB:596 - count graph 3
2021-05-29 23:34:13 INFO  GuiGraphDB:592 - count embedding: 3
2021-05-29 23:34:13 INFO  GuiGraphDB:596 - count graph 3
2021-05-29 23:34:13 INFO  GuiGraphDB:592 - count embedding: 3
2021-05-29 23:34:13 INFO  GuiGraphDB:596 - count graph 3
2021-05-29 23:34:13 INFO  GuiGraphDB:592 - count embedding: 3
2021-05-29 23:34:13 INFO  GuiGraphDB:596 - count graph 3
2021-05-29 23:34:13 INFO  GuiGraphDB:592 - count embedding: 3
2021-05-29 23:34:13 INFO  GuiGraphDB:596 - count graph 3
2021-05-29 23:34:13 INFO  GuiGraphDB:592 - count embedding: 3
2021-05-29 23:34:13 INFO  GuiGraphDB:596 - count graph 3
2021-05-29 23:34:13 INFO  GuiGraphDB:592 - count embedding: 3
2021-05-29 23:34:13 INFO  GuiGraphDB:596 - count graph 3
2021-05-29 23:34:13 INFO  GuiGraphDB:592 - count embedding: 3
2021-05-29 23:34:13 INFO  GuiGraphDB:596 - count graph 3
2021-05-29 23:34:13 INFO  GuiGraphDB:592 - count embedding: 3
2021-05-29 23:34:13 INFO  GuiGraphDB:596 - count graph 3
2021-05-29 23:34:13 INFO  GuiGraphDB:592 - count embedding: 3
2021-05-29 23:34:13 INFO  GuiGraphDB:596 - count graph 3
2021-05-29 23:34:13 INFO  GuiGraphDB:592 - count embedding: 3
2021-05-29 23:34:13 INFO  GuiGraphDB:596 - count graph 3
2021-05-29 23:34:13 INFO  GuiGraphDB:592 - count embedding: 3
2021-05-29 23:34:13 INFO  GuiGraphDB:596 - count graph 3
2021-05-29 23:34:13 INFO  GuiGraphDB:592 - count embedding: 3
2021-05-29 23:34:13 INFO  GuiGraphDB:596 - count graph 3
2021-05-29 23:34:13 INFO  GuiGraphDB:592 - count embedding: 3
2021-05-29 23:34:13 INFO  GuiGraphDB:596 - count graph 3
2021-05-29 23:34:13 INFO  GuiGraphDB:592 - count embedding: 3
2021-05-29 23:34:13 INFO  GuiGraphDB:596 - count graph 3
2021-05-29 23:34:13 INFO  GuiGraphDB:592 - count embedding: 3
2021-05-29 23:34:13 INFO  GuiGraphDB:596 - count graph 3
2021-05-29 23:34:13 INFO  GuiGraphDB:592 - count embedding: 3
2021-05-29 23:34:13 INFO  GuiGraphDB:596 - count graph 3
2021-05-29 23:34:13 INFO  GuiGraphDB:592 - count embedding: 3
2021-05-29 23:34:13 INFO  GuiGraphDB:596 - count graph 3
2021-05-29 23:34:13 INFO  GuiGraphDB:592 - count embedding: 3
2021-05-29 23:34:13 INFO  GuiGraphDB:596 - count graph 3
2021-05-29 23:34:13 INFO  GuiGraphDB:592 - count embedding: 3
2021-05-29 23:34:13 INFO  GuiGraphDB:596 - count graph 3
2021-05-29 23:34:13 INFO  GuiGraphDB:592 - count embedding: 3
2021-05-29 23:34:13 INFO  GuiGraphDB:596 - count graph 3
2021-05-29 23:34:13 INFO  GuiGraphDB:592 - count embedding: 3
2021-05-29 23:34:13 INFO  GuiGraphDB:596 - count graph 3
2021-05-29 23:34:13 INFO  GuiGraphDB:592 - count embedding: 3
2021-05-29 23:34:13 INFO  GuiGraphDB:596 - count graph 3
2021-05-29 23:34:13 INFO  GuiGraphDB:592 - count embedding: 3
2021-05-29 23:34:13 INFO  GuiGraphDB:596 - count graph 3
2021-05-29 23:34:13 INFO  GuiGraphDB:592 - count embedding: 3
2021-05-29 23:34:13 INFO  GuiGraphDB:596 - count graph 3
2021-05-29 23:34:13 INFO  GuiGraphDB:592 - count embedding: 3
2021-05-29 23:34:13 INFO  GuiGraphDB:596 - count graph 3
2021-05-29 23:34:13 INFO  GuiGraphDB:592 - count embedding: 3
2021-05-29 23:34:13 INFO  GuiGraphDB:596 - count graph 3
2021-05-29 23:34:13 INFO  GuiGraphDB:592 - count embedding: 3
2021-05-29 23:34:13 INFO  GuiGraphDB:596 - count graph 3
2021-05-29 23:34:13 INFO  GuiGraphDB:592 - count embedding: 3
2021-05-29 23:34:13 INFO  GuiGraphDB:596 - count graph 3
2021-05-29 23:34:13 INFO  GuiGraphDB:592 - count embedding: 3
2021-05-29 23:34:13 INFO  GuiGraphDB:596 - count graph 3
2021-05-29 23:34:13 INFO  GuiGraphDB:592 - count embedding: 3
2021-05-29 23:34:13 INFO  GuiGraphDB:596 - count graph 3
2021-05-29 23:34:13 INFO  GuiGraphDB:592 - count embedding: 3
2021-05-29 23:34:13 INFO  GuiGraphDB:596 - count graph 3
2021-05-29 23:34:13 INFO  GuiGraphDB:592 - count embedding: 3
2021-05-29 23:34:13 INFO  GuiGraphDB:596 - count graph 3
2021-05-29 23:34:13 INFO  GuiGraphDB:592 - count embedding: 3
2021-05-29 23:34:13 INFO  GuiGraphDB:596 - count graph 3
2021-05-29 23:34:13 INFO  GuiGraphDB:592 - count embedding: 3
2021-05-29 23:34:13 INFO  GuiGraphDB:596 - count graph 3
2021-05-29 23:34:13 INFO  GuiGraphDB:592 - count embedding: 3
2021-05-29 23:34:13 INFO  GuiGraphDB:596 - count graph 3
2021-05-29 23:34:13 INFO  GuiGraphDB:592 - count embedding: 3
2021-05-29 23:34:13 INFO  GuiGraphDB:596 - count graph 3
2021-05-29 23:34:13 INFO  GuiGraphDB:592 - count embedding: 3
2021-05-29 23:34:13 INFO  GuiGraphDB:596 - count graph 3
2021-05-29 23:34:13 INFO  GuiGraphDB:592 - count embedding: 3
2021-05-29 23:34:13 INFO  GuiGraphDB:596 - count graph 3
2021-05-29 23:34:13 INFO  GuiGraphDB:592 - count embedding: 3
2021-05-29 23:34:13 INFO  GuiGraphDB:596 - count graph 3
2021-05-29 23:34:13 INFO  GuiGraphDB:592 - count embedding: 3
2021-05-29 23:34:13 INFO  GuiGraphDB:596 - count graph 3
2021-05-29 23:34:13 INFO  GuiGraphDB:592 - count embedding: 3
2021-05-29 23:34:13 INFO  GuiGraphDB:596 - count graph 3
2021-05-29 23:34:13 INFO  GuiGraphDB:592 - count embedding: 3
2021-05-29 23:34:13 INFO  GuiGraphDB:596 - count graph 3
2021-05-29 23:34:13 INFO  GuiGraphDB:592 - count embedding: 3
2021-05-29 23:34:13 INFO  GuiGraphDB:596 - count graph 3
2021-05-29 23:34:13 INFO  GuiGraphDB:592 - count embedding: 3
2021-05-29 23:34:13 INFO  GuiGraphDB:596 - count graph 3
2021-05-29 23:34:13 INFO  GuiGraphDB:592 - count embedding: 3
2021-05-29 23:34:13 INFO  GuiGraphDB:596 - count graph 3
2021-05-29 23:34:13 INFO  GuiGraphDB:592 - count embedding: 3
2021-05-29 23:34:13 INFO  GuiGraphDB:596 - count graph 3
2021-05-29 23:34:13 INFO  GuiGraphDB:592 - count embedding: 3
2021-05-29 23:34:13 INFO  GuiGraphDB:596 - count graph 3
2021-05-29 23:34:13 INFO  GuiGraphDB:592 - count embedding: 3
2021-05-29 23:34:13 INFO  GuiGraphDB:596 - count graph 3
2021-05-29 23:34:13 INFO  GuiGraphDB:592 - count embedding: 3
2021-05-29 23:34:13 INFO  GuiGraphDB:596 - count graph 3
2021-05-29 23:34:13 INFO  GuiGraphDB:592 - count embedding: 3
2021-05-29 23:34:13 INFO  GuiGraphDB:596 - count graph 3
2021-05-29 23:34:13 INFO  GuiGraphDB:592 - count embedding: 3
2021-05-29 23:34:13 INFO  GuiGraphDB:596 - count graph 3
2021-05-29 23:34:13 INFO  GuiGraphDB:592 - count embedding: 3
2021-05-29 23:34:13 INFO  GuiGraphDB:596 - count graph 3
2021-05-29 23:34:13 INFO  GuiGraphDB:592 - count embedding: 3
2021-05-29 23:34:13 INFO  GuiGraphDB:596 - count graph 3
2021-05-29 23:34:13 INFO  GuiGraphDB:592 - count embedding: 3
2021-05-29 23:34:13 INFO  GuiGraphDB:596 - count graph 3
2021-05-29 23:34:13 INFO  GuiGraphDB:592 - count embedding: 3
2021-05-29 23:34:13 INFO  GuiGraphDB:596 - count graph 3
2021-05-29 23:34:13 INFO  GuiGraphDB:592 - count embedding: 3
2021-05-29 23:34:13 INFO  GuiGraphDB:596 - count graph 3
2021-05-29 23:34:13 INFO  GuiGraphDB:592 - count embedding: 3
2021-05-29 23:34:13 INFO  GuiGraphDB:596 - count graph 3
2021-05-29 23:34:13 INFO  GuiGraphDB:592 - count embedding: 3
2021-05-29 23:34:13 INFO  GuiGraphDB:596 - count graph 3
2021-05-29 23:34:13 INFO  GuiGraphDB:592 - count embedding: 3
2021-05-29 23:34:13 INFO  GuiGraphDB:596 - count graph 3
2021-05-29 23:34:13 INFO  GuiGraphDB:592 - count embedding: 3
2021-05-29 23:34:13 INFO  GuiGraphDB:596 - count graph 3
2021-05-29 23:34:13 INFO  GuiGraphDB:592 - count embedding: 3
2021-05-29 23:34:13 INFO  GuiGraphDB:596 - count graph 3
2021-05-29 23:34:13 INFO  GuiGraphDB:592 - count embedding: 3
2021-05-29 23:34:13 INFO  GuiGraphDB:596 - count graph 3
2021-05-29 23:34:13 INFO  GuiGraphDB:592 - count embedding: 3
2021-05-29 23:34:13 INFO  GuiGraphDB:596 - count graph 3
2021-05-29 23:34:13 INFO  GuiGraphDB:592 - count embedding: 3
2021-05-29 23:34:13 INFO  GuiGraphDB:596 - count graph 3
2021-05-29 23:34:13 INFO  GuiGraphDB:592 - count embedding: 3
2021-05-29 23:34:13 INFO  GuiGraphDB:596 - count graph 3
2021-05-29 23:34:13 INFO  GuiGraphDB:592 - count embedding: 3
2021-05-29 23:34:13 INFO  GuiGraphDB:596 - count graph 3
2021-05-29 23:34:13 INFO  GuiGraphDB:592 - count embedding: 3
2021-05-29 23:34:13 INFO  GuiGraphDB:596 - count graph 3
2021-05-29 23:34:13 INFO  GuiGraphDB:592 - count embedding: 3
2021-05-29 23:34:13 INFO  GuiGraphDB:596 - count graph 3
2021-05-29 23:34:13 INFO  GuiGraphDB:592 - count embedding: 3
2021-05-29 23:34:13 INFO  GuiGraphDB:596 - count graph 3
2021-05-29 23:34:13 INFO  GuiGraphDB:592 - count embedding: 3
2021-05-29 23:34:13 INFO  GuiGraphDB:596 - count graph 3
2021-05-29 23:34:13 INFO  GuiGraphDB:592 - count embedding: 3
2021-05-29 23:34:13 INFO  GuiGraphDB:596 - count graph 3
2021-05-29 23:34:13 INFO  GuiGraphDB:592 - count embedding: 3
2021-05-29 23:34:13 INFO  GuiGraphDB:596 - count graph 3
2021-05-29 23:34:13 INFO  GuiGraphDB:592 - count embedding: 3
2021-05-29 23:34:13 INFO  GuiGraphDB:596 - count graph 3
2021-05-29 23:34:13 INFO  GuiGraphDB:592 - count embedding: 3
2021-05-29 23:34:13 INFO  GuiGraphDB:596 - count graph 3
2021-05-29 23:34:13 INFO  GuiGraphDB:592 - count embedding: 3
2021-05-29 23:34:13 INFO  GuiGraphDB:596 - count graph 3
2021-05-29 23:34:13 INFO  GuiGraphDB:592 - count embedding: 3
2021-05-29 23:34:13 INFO  GuiGraphDB:596 - count graph 3
2021-05-29 23:34:13 INFO  GuiGraphDB:592 - count embedding: 3
2021-05-29 23:34:13 INFO  GuiGraphDB:596 - count graph 3
2021-05-29 23:34:13 INFO  GuiGraphDB:592 - count embedding: 3
2021-05-29 23:34:13 INFO  GuiGraphDB:596 - count graph 3
2021-05-29 23:34:13 INFO  GuiGraphDB:592 - count embedding: 3
2021-05-29 23:34:13 INFO  GuiGraphDB:596 - count graph 3
2021-05-29 23:34:13 INFO  GuiGraphDB:592 - count embedding: 3
2021-05-29 23:34:13 INFO  GuiGraphDB:596 - count graph 3
2021-05-29 23:34:13 INFO  GuiGraphDB:592 - count embedding: 3
2021-05-29 23:34:13 INFO  GuiGraphDB:596 - count graph 3
2021-05-29 23:34:13 INFO  GuiGraphDB:592 - count embedding: 3
2021-05-29 23:34:13 INFO  GuiGraphDB:596 - count graph 3
2021-05-29 23:34:13 INFO  GuiGraphDB:592 - count embedding: 3
2021-05-29 23:34:13 INFO  GuiGraphDB:596 - count graph 3
2021-05-29 23:34:13 INFO  GuiGraphDB:592 - count embedding: 3
2021-05-29 23:34:13 INFO  GuiGraphDB:596 - count graph 3
2021-05-29 23:34:13 INFO  GuiGraphDB:592 - count embedding: 3
2021-05-29 23:34:13 INFO  GuiGraphDB:596 - count graph 3
2021-05-29 23:34:13 INFO  GuiGraphDB:592 - count embedding: 3
2021-05-29 23:34:13 INFO  GuiGraphDB:596 - count graph 3
2021-05-29 23:34:13 INFO  GuiGraphDB:592 - count embedding: 3
2021-05-29 23:34:13 INFO  GuiGraphDB:596 - count graph 3
2021-05-29 23:34:13 INFO  GuiGraphDB:592 - count embedding: 3
2021-05-29 23:34:13 INFO  GuiGraphDB:596 - count graph 3
2021-05-29 23:34:13 INFO  GuiGraphDB:592 - count embedding: 3
2021-05-29 23:34:13 INFO  GuiGraphDB:596 - count graph 3
2021-05-29 23:34:13 INFO  GuiGraphDB:592 - count embedding: 3
2021-05-29 23:34:13 INFO  GuiGraphDB:596 - count graph 3
2021-05-29 23:34:13 INFO  GuiGraphDB:592 - count embedding: 3
2021-05-29 23:34:13 INFO  GuiGraphDB:596 - count graph 3
2021-05-29 23:34:13 INFO  GuiGraphDB:592 - count embedding: 3
2021-05-29 23:34:13 INFO  GuiGraphDB:596 - count graph 3
2021-05-29 23:34:13 INFO  GuiGraphDB:592 - count embedding: 3
2021-05-29 23:34:13 INFO  GuiGraphDB:596 - count graph 3
2021-05-29 23:34:13 INFO  GuiGraphDB:592 - count embedding: 3
2021-05-29 23:34:13 INFO  GuiGraphDB:596 - count graph 3
2021-05-29 23:34:13 INFO  GuiGraphDB:592 - count embedding: 3
2021-05-29 23:34:13 INFO  GuiGraphDB:596 - count graph 3
2021-05-29 23:34:13 INFO  GuiGraphDB:592 - count embedding: 3
2021-05-29 23:34:13 INFO  GuiGraphDB:596 - count graph 3
2021-05-29 23:34:13 INFO  GuiGraphDB:592 - count embedding: 3
2021-05-29 23:34:13 INFO  GuiGraphDB:596 - count graph 3
2021-05-29 23:34:13 INFO  GuiGraphDB:592 - count embedding: 3
2021-05-29 23:34:13 INFO  GuiGraphDB:596 - count graph 3
2021-05-29 23:34:13 INFO  GuiGraphDB:592 - count embedding: 3
2021-05-29 23:34:13 INFO  GuiGraphDB:596 - count graph 3
2021-05-29 23:34:13 INFO  GuiGraphDB:592 - count embedding: 3
2021-05-29 23:34:13 INFO  GuiGraphDB:596 - count graph 3
2021-05-29 23:34:13 INFO  GuiGraphDB:592 - count embedding: 3
2021-05-29 23:34:13 INFO  GuiGraphDB:596 - count graph 3
2021-05-29 23:34:13 INFO  GuiGraphDB:592 - count embedding: 3
2021-05-29 23:34:13 INFO  GuiGraphDB:596 - count graph 3
2021-05-29 23:34:20 INFO  GuiGraphDB:1152 -  ------ Terminate GHOST :) --------
2021-05-29 23:34:20 INFO  MainSumgra:45 - Finish SuMGra process
